2024-02-07 21:59:26 DEBUG - Get settings from: settings.json
2024-02-07 21:59:27 DEBUG - Got browser profile options from settings file: 
intl.accept_languages: en,
safebrowsing.enabled: true,
profile.default_content_settings.popups: 0,
disable-popup-blocking: true,
download.prompt_for_download: false,
download.default_directory: ..\\Resources
2024-02-07 21:59:27 DEBUG - Got browser capabilities from settings file: 
enableVNC: True,
unhandledPromptBehavior: ignore
2024-02-07 21:59:27 DEBUG - Got excluded browser arguments from settings file: enable-automation
2024-02-07 21:59:27 DEBUG - Got browser logging preferences from settings file: 
Performance: All
2024-02-07 21:59:44 INFO - Browser 'Chrome' ready...
2024-02-07 21:59:44 INFO - Maximizing browser window
2024-02-07 21:59:44 INFO - Navigate to URL - 'https://www.accuweather.com/'
2024-02-07 22:00:50 DEBUG - Get settings from: settings.json
2024-02-07 22:00:50 DEBUG - Got browser profile options from settings file: 
intl.accept_languages: en,
safebrowsing.enabled: true,
profile.default_content_settings.popups: 0,
disable-popup-blocking: true,
download.prompt_for_download: false,
download.default_directory: ..\\Resources
2024-02-07 22:00:50 DEBUG - Got browser capabilities from settings file: 
enableVNC: True,
unhandledPromptBehavior: ignore
2024-02-07 22:00:50 DEBUG - Got excluded browser arguments from settings file: enable-automation
2024-02-07 22:00:50 DEBUG - Got browser logging preferences from settings file: 
Performance: All
2024-02-07 22:00:53 INFO - Browser 'Chrome' ready...
2024-02-07 22:00:53 INFO - Maximizing browser window
2024-02-07 22:00:53 INFO - Navigate to URL - 'https://testpages.eviltester.com/styled/windows-test.html'
2024-02-07 22:00:56 INFO - Closing browser
2024-02-07 22:06:51 DEBUG - Get settings from: settings.json
2024-02-07 22:06:51 DEBUG - Got browser profile options from settings file: 
intl.accept_languages: en,
safebrowsing.enabled: true,
profile.default_content_settings.popups: 0,
disable-popup-blocking: true,
download.prompt_for_download: false,
download.default_directory: ..\\Resources
2024-02-07 22:06:51 DEBUG - Got browser capabilities from settings file: 
enableVNC: True,
unhandledPromptBehavior: ignore
2024-02-07 22:06:51 DEBUG - Got excluded browser arguments from settings file: enable-automation
2024-02-07 22:06:51 DEBUG - Got browser logging preferences from settings file: 
Performance: All
2024-02-07 22:06:57 INFO - Browser 'Chrome' ready...
2024-02-07 22:06:57 INFO - Maximizing browser window
2024-02-07 22:06:57 INFO - Navigate to URL - 'https://testpages.eviltester.com/styled/windows-test.html'
2024-02-07 22:06:58 INFO - Closing browser
2024-02-07 22:21:07 DEBUG - Get settings from: settings.json
2024-02-07 22:21:08 DEBUG - Got browser profile options from settings file: 
intl.accept_languages: en,
safebrowsing.enabled: true,
profile.default_content_settings.popups: 0,
disable-popup-blocking: true,
download.prompt_for_download: false,
download.default_directory: ..\\Resources
2024-02-07 22:21:08 DEBUG - Got browser capabilities from settings file: 
enableVNC: True,
unhandledPromptBehavior: ignore
2024-02-07 22:21:08 DEBUG - Got excluded browser arguments from settings file: enable-automation
2024-02-07 22:21:08 DEBUG - Got browser logging preferences from settings file: 
Performance: All
2024-02-07 22:21:11 INFO - Browser 'Chrome' ready...
2024-02-07 22:21:11 INFO - Maximizing browser window
2024-02-07 22:21:11 INFO - Navigate to URL - 'https://testpages.eviltester.com/styled/windows-test.html'
2024-02-07 22:21:12 INFO - Label 'Accuweather HomePage' :: Waiting for element to be displayed
2024-02-07 22:21:42 DEBUG - Elements were found by locator 'By.XPath: //*[text()='Windows Example Test']' but not in desired state Displayed
2024-02-07 22:21:42 INFO - Label 'Accuweather HomePage' :: Element has not become displayed after timeout
2024-02-07 22:21:42 INFO - Link 'New Window Button' :: Clicking
2024-02-07 22:21:44 INFO - Switching to new tab
2024-02-07 22:21:44 INFO - Getting tab handles
2024-02-07 22:21:44 INFO - Closing browser
2024-02-07 22:25:08 DEBUG - Get settings from: settings.json
2024-02-07 22:25:08 DEBUG - Got browser profile options from settings file: 
intl.accept_languages: en,
safebrowsing.enabled: true,
profile.default_content_settings.popups: 0,
disable-popup-blocking: true,
download.prompt_for_download: false,
download.default_directory: ..\\Resources
2024-02-07 22:25:08 DEBUG - Got browser capabilities from settings file: 
enableVNC: True,
unhandledPromptBehavior: ignore
2024-02-07 22:25:08 DEBUG - Got excluded browser arguments from settings file: enable-automation
2024-02-07 22:25:08 DEBUG - Got browser logging preferences from settings file: 
Performance: All
2024-02-07 22:25:11 INFO - Browser 'Chrome' ready...
2024-02-07 22:25:11 INFO - Maximizing browser window
2024-02-07 22:25:11 INFO - Navigate to URL - 'https://testpages.eviltester.com/styled/windows-test.html'
2024-02-07 22:25:12 INFO - Label 'Windows Example Test' :: Waiting for element to be displayed
2024-02-07 22:25:42 DEBUG - Elements were found by locator 'By.XPath: //*[text()='Windows Example Test']' but not in desired state Displayed
2024-02-07 22:25:42 INFO - Label 'Windows Example Test' :: Element has not become displayed after timeout
2024-02-07 22:25:43 INFO - Link 'New Window Button' :: Clicking
2024-02-07 22:25:44 INFO - Switching to new tab
2024-02-07 22:25:44 INFO - Getting tab handles
2024-02-07 22:25:44 INFO - Closing browser
2024-02-07 22:27:25 DEBUG - Get settings from: settings.json
2024-02-07 22:27:27 DEBUG - Got browser profile options from settings file: 
intl.accept_languages: en,
safebrowsing.enabled: true,
profile.default_content_settings.popups: 0,
disable-popup-blocking: true,
download.prompt_for_download: false,
download.default_directory: ..\\Resources
2024-02-07 22:27:27 DEBUG - Got browser capabilities from settings file: 
enableVNC: True,
unhandledPromptBehavior: ignore
2024-02-07 22:27:27 DEBUG - Got excluded browser arguments from settings file: enable-automation
2024-02-07 22:27:27 DEBUG - Got browser logging preferences from settings file: 
Performance: All
2024-02-07 22:27:40 DEBUG - Get settings from: settings.json
2024-02-07 22:27:40 DEBUG - Got browser profile options from settings file: 
intl.accept_languages: en,
safebrowsing.enabled: true,
profile.default_content_settings.popups: 0,
disable-popup-blocking: true,
download.prompt_for_download: false,
download.default_directory: ..\\Resources
2024-02-07 22:27:40 DEBUG - Got browser capabilities from settings file: 
enableVNC: True,
unhandledPromptBehavior: ignore
2024-02-07 22:27:40 DEBUG - Got excluded browser arguments from settings file: enable-automation
2024-02-07 22:27:40 DEBUG - Got browser logging preferences from settings file: 
Performance: All
2024-02-07 22:27:43 INFO - Browser 'Chrome' ready...
2024-02-07 22:27:43 INFO - Maximizing browser window
2024-02-07 22:27:43 INFO - Navigate to URL - 'https://testpages.eviltester.com/styled/windows-test.html'
2024-02-07 22:27:45 INFO - Label 'Windows Example Test' :: Waiting for element to be displayed
2024-02-07 22:28:15 DEBUG - Elements were found by locator 'By.XPath: //*[text()='Windows Example Test']' but not in desired state Displayed
2024-02-07 22:28:15 INFO - Label 'Windows Example Test' :: Element has not become displayed after timeout
2024-02-07 22:28:15 INFO - Closing browser
2024-02-07 22:30:15 DEBUG - Get settings from: settings.json
2024-02-07 22:30:15 DEBUG - Got browser profile options from settings file: 
intl.accept_languages: en,
safebrowsing.enabled: true,
profile.default_content_settings.popups: 0,
disable-popup-blocking: true,
download.prompt_for_download: false,
download.default_directory: ..\\Resources
2024-02-07 22:30:15 DEBUG - Got browser capabilities from settings file: 
enableVNC: True,
unhandledPromptBehavior: ignore
2024-02-07 22:30:15 DEBUG - Got excluded browser arguments from settings file: enable-automation
2024-02-07 22:30:15 DEBUG - Got browser logging preferences from settings file: 
Performance: All
2024-02-07 22:30:18 INFO - Browser 'Chrome' ready...
2024-02-07 22:30:18 INFO - Maximizing browser window
2024-02-07 22:30:19 INFO - Navigate to URL - 'https://testpages.eviltester.com/styled/windows-test.html'
2024-02-07 22:30:20 INFO - Label 'Windows Example Test' :: Waiting for element to be displayed
2024-02-07 22:30:50 DEBUG - Elements were found by locator 'By.XPath: //*[text()='Windows Example Test']' but not in desired state Displayed
2024-02-07 22:30:50 INFO - Label 'Windows Example Test' :: Element has not become displayed after timeout
2024-02-07 22:30:50 INFO - Label 'Accuweather HomePage' :: Waiting for element to be displayed
2024-02-07 22:31:20 DEBUG - No elements with locator 'By.XPath: //*[contains(text(),'Weather Forecast | AccuWeather')]' were found in Displayed state
2024-02-07 22:31:20 INFO - Label 'Accuweather HomePage' :: Element has not become displayed after timeout
2024-02-07 22:31:20 DEBUG - No elements with locator 'By.ClassName[Contains]: promptexample' were found in Displayed state
2024-02-07 22:31:21 INFO - Closing browser
2024-02-07 22:41:45 DEBUG - Get settings from: settings.json
2024-02-07 22:41:45 DEBUG - Got browser profile options from settings file: 
intl.accept_languages: en,
safebrowsing.enabled: true,
profile.default_content_settings.popups: 0,
disable-popup-blocking: true,
download.prompt_for_download: false,
download.default_directory: ..\\Resources
2024-02-07 22:41:45 DEBUG - Got browser capabilities from settings file: 
enableVNC: True,
unhandledPromptBehavior: ignore
2024-02-07 22:41:45 DEBUG - Got excluded browser arguments from settings file: enable-automation
2024-02-07 22:41:45 DEBUG - Got browser logging preferences from settings file: 
Performance: All
2024-02-07 22:41:48 INFO - Browser 'Chrome' ready...
2024-02-07 22:41:48 INFO - Maximizing browser window
2024-02-07 22:41:48 INFO - Navigate to URL - 'https://testpages.eviltester.com/styled/windows-test.html'
2024-02-07 22:41:50 INFO - Label 'Windows Example Test' :: Waiting for element to be displayed
2024-02-07 22:42:20 DEBUG - Elements were found by locator 'By.XPath: //*[text()='Windows Example Test']' but not in desired state Displayed
2024-02-07 22:42:20 INFO - Label 'Windows Example Test' :: Element has not become displayed after timeout
2024-02-07 22:42:20 INFO - Closing browser
2024-02-07 22:50:43 DEBUG - Get settings from: settings.json
2024-02-07 22:50:43 DEBUG - Got browser profile options from settings file: 
intl.accept_languages: en,
safebrowsing.enabled: true,
profile.default_content_settings.popups: 0,
disable-popup-blocking: true,
download.prompt_for_download: false,
download.default_directory: ..\\Resources
2024-02-07 22:50:43 DEBUG - Got browser capabilities from settings file: 
enableVNC: True,
unhandledPromptBehavior: ignore
2024-02-07 22:50:43 DEBUG - Got excluded browser arguments from settings file: enable-automation
2024-02-07 22:50:43 DEBUG - Got browser logging preferences from settings file: 
Performance: All
2024-02-07 22:50:46 INFO - Browser 'Chrome' ready...
2024-02-07 22:50:46 INFO - Maximizing browser window
2024-02-07 22:50:46 INFO - Navigate to URL - 'https://testpages.eviltester.com/styled/windows-test.html'
2024-02-07 22:50:48 INFO - Label 'Windows Example Test' :: Waiting for element to be displayed
2024-02-07 22:51:18 DEBUG - Elements were found by locator 'By.XPath: //*[text()='Windows Example Test']' but not in desired state Displayed
2024-02-07 22:51:18 INFO - Label 'Windows Example Test' :: Element has not become displayed after timeout
2024-02-07 22:51:18 INFO - Closing browser
2024-02-07 22:52:27 DEBUG - Get settings from: settings.json
2024-02-07 22:52:27 DEBUG - Got browser profile options from settings file: 
intl.accept_languages: en,
safebrowsing.enabled: true,
profile.default_content_settings.popups: 0,
disable-popup-blocking: true,
download.prompt_for_download: false,
download.default_directory: ..\\Resources
2024-02-07 22:52:27 DEBUG - Got browser capabilities from settings file: 
enableVNC: True,
unhandledPromptBehavior: ignore
2024-02-07 22:52:27 DEBUG - Got excluded browser arguments from settings file: enable-automation
2024-02-07 22:52:27 DEBUG - Got browser logging preferences from settings file: 
Performance: All
2024-02-07 22:52:30 INFO - Browser 'Chrome' ready...
2024-02-07 22:52:30 INFO - Maximizing browser window
2024-02-07 22:52:30 INFO - Navigate to URL - 'https://testpages.eviltester.com/styled/windows-test.html'
2024-02-07 22:52:31 INFO - Label 'Windows Example Test' :: Waiting for element to be displayed
2024-02-07 22:53:02 DEBUG - Elements were found by locator 'By.XPath: //*[text()='Windows Example Test']' but not in desired state Displayed
2024-02-07 22:53:02 INFO - Label 'Windows Example Test' :: Element has not become displayed after timeout
2024-02-07 22:53:02 INFO - Link 'Alerts In A New Window From JavaScript Link' :: Clicking
2024-02-07 22:53:04 INFO - Switching to new tab
2024-02-07 22:53:04 INFO - Getting tab handles
2024-02-07 22:53:04 INFO - Label 'Accuweather HomePage' :: Waiting for element to be displayed
2024-02-07 22:53:34 DEBUG - No elements with locator 'By.XPath: //*[contains(text(),'Weather Forecast | AccuWeather')]' were found in Displayed state
2024-02-07 22:53:34 INFO - Label 'Accuweather HomePage' :: Element has not become displayed after timeout
2024-02-07 22:53:34 DEBUG - No elements with locator 'By.ClassName[Contains]: promptexample' were found in Displayed state
2024-02-07 22:53:34 INFO - Closing browser
2024-02-07 22:54:34 DEBUG - Get settings from: settings.json
2024-02-07 22:54:34 DEBUG - Got browser profile options from settings file: 
intl.accept_languages: en,
safebrowsing.enabled: true,
profile.default_content_settings.popups: 0,
disable-popup-blocking: true,
download.prompt_for_download: false,
download.default_directory: ..\\Resources
2024-02-07 22:54:34 DEBUG - Got browser capabilities from settings file: 
enableVNC: True,
unhandledPromptBehavior: ignore
2024-02-07 22:54:34 DEBUG - Got excluded browser arguments from settings file: enable-automation
2024-02-07 22:54:34 DEBUG - Got browser logging preferences from settings file: 
Performance: All
2024-02-07 22:54:37 INFO - Browser 'Chrome' ready...
2024-02-07 22:54:37 INFO - Maximizing browser window
2024-02-07 22:54:37 INFO - Navigate to URL - 'https://testpages.eviltester.com/styled/windows-test.html'
2024-02-07 22:54:39 INFO - Label 'Windows Example Test' :: Waiting for element to be displayed
2024-02-07 22:55:09 DEBUG - Elements were found by locator 'By.XPath: //*[text()='Windows Example Test']' but not in desired state Displayed
2024-02-07 22:55:09 INFO - Label 'Windows Example Test' :: Element has not become displayed after timeout
2024-02-07 22:55:10 INFO - Link 'Alerts In A New Window From JavaScript Link' :: Clicking
2024-02-07 22:55:10 INFO - Switching to new tab
2024-02-07 22:55:10 INFO - Getting tab handles
2024-02-07 22:55:11 DEBUG - No elements with locator 'By.ClassName[Contains]: promptexample' were found in Displayed state
2024-02-07 22:55:11 INFO - Closing browser
2024-02-07 22:58:03 DEBUG - Get settings from: settings.json
2024-02-07 22:58:03 DEBUG - Got browser profile options from settings file: 
intl.accept_languages: en,
safebrowsing.enabled: true,
profile.default_content_settings.popups: 0,
disable-popup-blocking: true,
download.prompt_for_download: false,
download.default_directory: ..\\Resources
2024-02-07 22:58:03 DEBUG - Got browser capabilities from settings file: 
enableVNC: True,
unhandledPromptBehavior: ignore
2024-02-07 22:58:03 DEBUG - Got excluded browser arguments from settings file: enable-automation
2024-02-07 22:58:03 DEBUG - Got browser logging preferences from settings file: 
Performance: All
2024-02-07 22:58:06 INFO - Browser 'Chrome' ready...
2024-02-07 22:58:06 INFO - Maximizing browser window
2024-02-07 22:58:06 INFO - Navigate to URL - 'https://testpages.eviltester.com/styled/windows-test.html'
2024-02-07 22:58:08 INFO - Label 'Windows Example Test' :: Waiting for element to be displayed
2024-02-07 22:58:38 DEBUG - Elements were found by locator 'By.XPath: //*[text()='Windows Example Test']' but not in desired state Displayed
2024-02-07 22:58:38 INFO - Label 'Windows Example Test' :: Element has not become displayed after timeout
2024-02-07 22:58:38 INFO - Link 'Alerts In A New Window From JavaScript Link' :: Clicking
2024-02-07 22:58:40 INFO - Switching to new tab
2024-02-07 22:58:40 INFO - Getting tab handles
2024-02-07 22:58:40 INFO - Button 'Prompt Opening Btn' :: Waiting for element to be displayed
2024-02-07 22:59:10 DEBUG - No elements with locator 'By.ClassName[Contains]: promptexample' were found in Displayed state
2024-02-07 22:59:10 INFO - Button 'Prompt Opening Btn' :: Element has not become displayed after timeout
2024-02-07 22:59:10 DEBUG - No elements with locator 'By.ClassName[Contains]: promptexample' were found in Displayed state
2024-02-07 22:59:10 INFO - Closing browser
2024-02-07 23:00:40 DEBUG - Get settings from: settings.json
2024-02-07 23:00:41 DEBUG - Got browser profile options from settings file: 
intl.accept_languages: en,
safebrowsing.enabled: true,
profile.default_content_settings.popups: 0,
disable-popup-blocking: true,
download.prompt_for_download: false,
download.default_directory: ..\\Resources
2024-02-07 23:00:41 DEBUG - Got browser capabilities from settings file: 
enableVNC: True,
unhandledPromptBehavior: ignore
2024-02-07 23:00:41 DEBUG - Got excluded browser arguments from settings file: enable-automation
2024-02-07 23:00:41 DEBUG - Got browser logging preferences from settings file: 
Performance: All
2024-02-07 23:00:45 INFO - Browser 'Chrome' ready...
2024-02-07 23:00:45 INFO - Maximizing browser window
2024-02-07 23:00:45 INFO - Navigate to URL - 'https://testpages.eviltester.com/styled/windows-test.html'
2024-02-07 23:00:47 INFO - Label 'Windows Example Test' :: Waiting for element to be displayed
2024-02-07 23:01:17 DEBUG - Elements were found by locator 'By.XPath: //*[text()='Windows Example Test']' but not in desired state Displayed
2024-02-07 23:01:17 INFO - Label 'Windows Example Test' :: Element has not become displayed after timeout
2024-02-07 23:01:17 INFO - Link 'Alerts In A New Window From JavaScript Link' :: Clicking
2024-02-07 23:01:18 INFO - Switching to new tab
2024-02-07 23:01:18 INFO - Getting tab handles
2024-02-07 23:01:18 INFO - Button 'Prompt Opening Btn' :: Waiting for element to be displayed
2024-02-07 23:01:49 DEBUG - No elements with locator 'By.ClassName[Contains]: promptexample' were found in Displayed state
2024-02-07 23:01:49 INFO - Button 'Prompt Opening Btn' :: Element has not become displayed after timeout
2024-02-07 23:01:49 DEBUG - No elements with locator 'By.ClassName[Contains]: promptexample' were found in Displayed state
2024-02-07 23:01:49 INFO - Closing browser
2024-02-07 23:06:32 DEBUG - Get settings from: settings.json
2024-02-07 23:06:33 DEBUG - Got browser profile options from settings file: 
intl.accept_languages: en,
safebrowsing.enabled: true,
profile.default_content_settings.popups: 0,
disable-popup-blocking: true,
download.prompt_for_download: false,
download.default_directory: ..\\Resources
2024-02-07 23:06:33 DEBUG - Got browser capabilities from settings file: 
enableVNC: True,
unhandledPromptBehavior: ignore
2024-02-07 23:06:33 DEBUG - Got excluded browser arguments from settings file: enable-automation
2024-02-07 23:06:33 DEBUG - Got browser logging preferences from settings file: 
Performance: All
2024-02-07 23:06:36 INFO - Browser 'Chrome' ready...
2024-02-07 23:06:36 INFO - Maximizing browser window
2024-02-07 23:06:43 INFO - Navigate to URL - 'https://testpages.eviltester.com/styled/windows-test.html'
2024-02-07 23:07:14 INFO - Label 'Windows Example Test | Homepage' :: Waiting for element to be displayed
2024-02-07 23:07:44 DEBUG - Elements were found by locator 'By.XPath: //*[text()='Windows Example Test']' but not in desired state Displayed
2024-02-07 23:07:44 INFO - Label 'Windows Example Test | Homepage' :: Element has not become displayed after timeout
2024-02-07 23:08:32 INFO - Link 'Alerts In A New Window From JavaScript Link' :: Clicking
2024-02-07 23:08:40 INFO - Switching to new tab
2024-02-07 23:08:40 INFO - Getting tab handles
2024-02-07 23:09:02 INFO - Button 'Prompt Opening Btn' :: Waiting for element to be displayed
2024-02-07 23:09:32 DEBUG - No elements with locator 'By.ClassName[Contains]: promptexample' were found in Displayed state
2024-02-07 23:09:32 INFO - Button 'Prompt Opening Btn' :: Element has not become displayed after timeout
2024-02-07 23:09:40 DEBUG - No elements with locator 'By.ClassName[Contains]: promptexample' were found in Displayed state
2024-02-07 23:10:43 DEBUG - Get settings from: settings.json
2024-02-07 23:10:43 DEBUG - Got browser profile options from settings file: 
intl.accept_languages: en,
safebrowsing.enabled: true,
profile.default_content_settings.popups: 0,
disable-popup-blocking: true,
download.prompt_for_download: false,
download.default_directory: ..\\Resources
2024-02-07 23:10:43 DEBUG - Got browser capabilities from settings file: 
enableVNC: True,
unhandledPromptBehavior: ignore
2024-02-07 23:10:43 DEBUG - Got excluded browser arguments from settings file: enable-automation
2024-02-07 23:10:43 DEBUG - Got browser logging preferences from settings file: 
Performance: All
2024-02-07 23:10:46 INFO - Browser 'Chrome' ready...
2024-02-07 23:10:46 INFO - Maximizing browser window
2024-02-07 23:10:47 INFO - Navigate to URL - 'https://testpages.eviltester.com/styled/windows-test.html'
2024-02-07 23:10:48 INFO - Label 'Windows Example Test | Homepage' :: Waiting for element to be displayed
2024-02-07 23:11:18 DEBUG - Elements were found by locator 'By.XPath: //*[text()='Windows Example Test']' but not in desired state Displayed
2024-02-07 23:11:18 INFO - Label 'Windows Example Test | Homepage' :: Element has not become displayed after timeout
2024-02-07 23:11:18 INFO - Link 'Alerts In A New Window From JavaScript Link' :: Clicking
2024-02-07 23:11:20 INFO - Switching to new tab
2024-02-07 23:11:20 INFO - Getting tab handles
2024-02-07 23:11:20 INFO - Button 'Prompt Opening Btn' :: Waiting for element to be displayed
2024-02-07 23:11:20 INFO - Button 'Prompt Opening Btn' :: Waiting for element to be clickable
2024-02-07 23:11:20 INFO - Button 'Prompt Opening Btn' :: Clicking
2024-02-07 23:11:21 INFO - Closing browser
2024-02-07 23:26:03 DEBUG - Get settings from: settings.json
2024-02-07 23:26:03 DEBUG - Got browser profile options from settings file: 
intl.accept_languages: en,
safebrowsing.enabled: true,
profile.default_content_settings.popups: 0,
disable-popup-blocking: true,
download.prompt_for_download: false,
download.default_directory: ..\\Resources
2024-02-07 23:26:03 DEBUG - Got browser capabilities from settings file: 
enableVNC: True,
unhandledPromptBehavior: ignore
2024-02-07 23:26:03 DEBUG - Got excluded browser arguments from settings file: enable-automation
2024-02-07 23:26:03 DEBUG - Got browser logging preferences from settings file: 
Performance: All
2024-02-07 23:26:06 INFO - Browser 'Chrome' ready...
2024-02-07 23:26:06 INFO - Maximizing browser window
2024-02-07 23:26:06 INFO - Navigate to URL - 'https://testpages.eviltester.com/styled/windows-test.html'
2024-02-07 23:26:08 INFO - Label 'Windows Example Test | Homepage' :: Waiting for element to be displayed
2024-02-07 23:26:38 DEBUG - Elements were found by locator 'By.XPath: //*[text()='Windows Example Test']' but not in desired state Displayed
2024-02-07 23:26:38 INFO - Label 'Windows Example Test | Homepage' :: Element has not become displayed after timeout
2024-02-07 23:26:38 INFO - Link 'Alerts In A New Window From JavaScript Link' :: Clicking
2024-02-07 23:26:46 INFO - Switching to new tab
2024-02-07 23:26:46 INFO - Getting tab handles
2024-02-07 23:26:46 INFO - Button 'Prompt Opening Btn' :: Waiting for element to be displayed
2024-02-07 23:26:46 INFO - Button 'Prompt Opening Btn' :: Waiting for element to be clickable
2024-02-07 23:26:46 INFO - Button 'Prompt Opening Btn' :: Clicking
2024-02-07 23:26:46 INFO - Closing browser
2024-02-07 23:27:37 DEBUG - Get settings from: settings.json
2024-02-07 23:27:37 DEBUG - Got browser profile options from settings file: 
intl.accept_languages: en,
safebrowsing.enabled: true,
profile.default_content_settings.popups: 0,
disable-popup-blocking: true,
download.prompt_for_download: false,
download.default_directory: ..\\Resources
2024-02-07 23:27:37 DEBUG - Got browser capabilities from settings file: 
enableVNC: True,
unhandledPromptBehavior: ignore
2024-02-07 23:27:37 DEBUG - Got excluded browser arguments from settings file: enable-automation
2024-02-07 23:27:37 DEBUG - Got browser logging preferences from settings file: 
Performance: All
2024-02-07 23:27:40 INFO - Browser 'Chrome' ready...
2024-02-07 23:27:40 INFO - Maximizing browser window
2024-02-07 23:27:40 INFO - Navigate to URL - 'https://testpages.eviltester.com/styled/windows-test.html'
2024-02-07 23:27:41 INFO - Label 'Windows Example Test | Homepage' :: Waiting for element to be displayed
2024-02-07 23:28:12 DEBUG - Elements were found by locator 'By.XPath: //*[text()='Windows Example Test']' but not in desired state Displayed
2024-02-07 23:28:12 INFO - Label 'Windows Example Test | Homepage' :: Element has not become displayed after timeout
2024-02-07 23:28:12 INFO - Link 'Alerts In A New Window From JavaScript Link' :: Clicking
2024-02-07 23:28:13 INFO - Switching to new tab
2024-02-07 23:28:13 INFO - Getting tab handles
2024-02-07 23:28:14 INFO - Button 'Prompt Opening Btn' :: Waiting for element to be displayed
2024-02-07 23:28:14 INFO - Button 'Prompt Opening Btn' :: Waiting for element to be clickable
2024-02-07 23:28:14 INFO - Button 'Prompt Opening Btn' :: Clicking
2024-02-07 23:28:14 INFO - Accepting browser alert
2024-02-07 23:28:14 INFO - Setting text - 'somevalue'
2024-02-07 23:28:14 INFO - Closing browser
2024-02-07 23:29:39 DEBUG - Get settings from: settings.json
2024-02-07 23:29:39 DEBUG - Got browser profile options from settings file: 
intl.accept_languages: en,
safebrowsing.enabled: true,
profile.default_content_settings.popups: 0,
disable-popup-blocking: true,
download.prompt_for_download: false,
download.default_directory: ..\\Resources
2024-02-07 23:29:39 DEBUG - Got browser capabilities from settings file: 
enableVNC: True,
unhandledPromptBehavior: ignore
2024-02-07 23:29:39 DEBUG - Got excluded browser arguments from settings file: enable-automation
2024-02-07 23:29:39 DEBUG - Got browser logging preferences from settings file: 
Performance: All
2024-02-07 23:29:42 INFO - Browser 'Chrome' ready...
2024-02-07 23:29:42 INFO - Maximizing browser window
2024-02-07 23:29:42 INFO - Navigate to URL - 'https://testpages.eviltester.com/styled/windows-test.html'
2024-02-07 23:29:44 INFO - Label 'Windows Example Test | Homepage' :: Waiting for element to be displayed
2024-02-07 23:30:14 DEBUG - Elements were found by locator 'By.XPath: //*[text()='Windows Example Test']' but not in desired state Displayed
2024-02-07 23:30:14 INFO - Label 'Windows Example Test | Homepage' :: Element has not become displayed after timeout
2024-02-07 23:30:14 INFO - Link 'Alerts In A New Window From JavaScript Link' :: Clicking
2024-02-07 23:30:15 INFO - Switching to new tab
2024-02-07 23:30:15 INFO - Getting tab handles
2024-02-07 23:30:15 INFO - Button 'Prompt Opening Btn' :: Waiting for element to be displayed
2024-02-07 23:30:15 INFO - Button 'Prompt Opening Btn' :: Waiting for element to be clickable
2024-02-07 23:30:15 INFO - Button 'Prompt Opening Btn' :: Clicking
2024-02-07 23:30:15 INFO - Accepting browser alert
2024-02-07 23:30:15 INFO - Setting text - 'somevalue'
2024-02-07 23:30:16 INFO - Closing browser
2024-02-07 23:31:51 DEBUG - Get settings from: settings.json
2024-02-07 23:31:52 DEBUG - Got browser profile options from settings file: 
intl.accept_languages: en,
safebrowsing.enabled: true,
profile.default_content_settings.popups: 0,
disable-popup-blocking: true,
download.prompt_for_download: false,
download.default_directory: ..\\Resources
2024-02-07 23:31:52 DEBUG - Got browser capabilities from settings file: 
enableVNC: True,
unhandledPromptBehavior: ignore
2024-02-07 23:31:52 DEBUG - Got excluded browser arguments from settings file: enable-automation
2024-02-07 23:31:52 DEBUG - Got browser logging preferences from settings file: 
Performance: All
2024-02-07 23:31:55 INFO - Browser 'Chrome' ready...
2024-02-07 23:31:55 INFO - Maximizing browser window
2024-02-07 23:31:56 INFO - Navigate to URL - 'https://testpages.eviltester.com/styled/windows-test.html'
2024-02-07 23:31:57 INFO - Label 'Windows Example Test | Homepage' :: Waiting for element to be displayed
2024-02-07 23:32:27 DEBUG - Elements were found by locator 'By.XPath: //*[text()='Windows Example Test']' but not in desired state Displayed
2024-02-07 23:32:27 INFO - Label 'Windows Example Test | Homepage' :: Element has not become displayed after timeout
2024-02-07 23:32:27 INFO - Link 'Alerts In A New Window From JavaScript Link' :: Clicking
2024-02-07 23:32:29 INFO - Switching to new tab
2024-02-07 23:32:29 INFO - Getting tab handles
2024-02-07 23:32:29 INFO - Button 'Prompt Opening Btn' :: Waiting for element to be displayed
2024-02-07 23:32:29 INFO - Button 'Prompt Opening Btn' :: Waiting for element to be clickable
2024-02-07 23:32:29 INFO - Button 'Prompt Opening Btn' :: Clicking
2024-02-07 23:32:30 INFO - Accepting browser alert
2024-02-07 23:32:30 INFO - Setting text - 'somevalue'
2024-02-07 23:32:30 INFO - Closing browser
2024-02-07 23:33:53 DEBUG - Get settings from: settings.json
2024-02-07 23:33:53 DEBUG - Got browser profile options from settings file: 
intl.accept_languages: en,
safebrowsing.enabled: true,
profile.default_content_settings.popups: 0,
disable-popup-blocking: true,
download.prompt_for_download: false,
download.default_directory: ..\\Resources
2024-02-07 23:33:53 DEBUG - Got browser capabilities from settings file: 
enableVNC: True,
unhandledPromptBehavior: ignore
2024-02-07 23:33:53 DEBUG - Got excluded browser arguments from settings file: enable-automation
2024-02-07 23:33:53 DEBUG - Got browser logging preferences from settings file: 
Performance: All
2024-02-07 23:33:58 INFO - Browser 'Chrome' ready...
2024-02-07 23:33:58 INFO - Maximizing browser window
2024-02-07 23:33:58 INFO - Navigate to URL - 'https://testpages.eviltester.com/styled/windows-test.html'
2024-02-07 23:33:59 INFO - Label 'Windows Example Test | Homepage' :: Waiting for element to be displayed
2024-02-07 23:34:30 DEBUG - Elements were found by locator 'By.XPath: //*[text()='Windows Example Test']' but not in desired state Displayed
2024-02-07 23:34:30 INFO - Label 'Windows Example Test | Homepage' :: Element has not become displayed after timeout
2024-02-07 23:34:30 INFO - Link 'Alerts In A New Window From JavaScript Link' :: Clicking
2024-02-07 23:34:31 INFO - Switching to new tab
2024-02-07 23:34:31 INFO - Getting tab handles
2024-02-07 23:34:31 INFO - Button 'Prompt Opening Btn' :: Waiting for element to be displayed
2024-02-07 23:34:31 INFO - Button 'Prompt Opening Btn' :: Waiting for element to be clickable
2024-02-07 23:34:31 INFO - Button 'Prompt Opening Btn' :: Clicking
2024-02-07 23:34:32 INFO - Accepting browser alert
2024-02-07 23:34:32 INFO - Setting text - 'somevalue'
2024-02-07 23:34:32 INFO - Closing browser
2024-02-07 23:35:38 DEBUG - Get settings from: settings.json
2024-02-07 23:35:38 DEBUG - Got browser profile options from settings file: 
intl.accept_languages: en,
safebrowsing.enabled: true,
profile.default_content_settings.popups: 0,
disable-popup-blocking: true,
download.prompt_for_download: false,
download.default_directory: ..\\Resources
2024-02-07 23:35:38 DEBUG - Got browser capabilities from settings file: 
enableVNC: True,
unhandledPromptBehavior: ignore
2024-02-07 23:35:38 DEBUG - Got excluded browser arguments from settings file: enable-automation
2024-02-07 23:35:38 DEBUG - Got browser logging preferences from settings file: 
Performance: All
2024-02-07 23:35:43 INFO - Browser 'Chrome' ready...
2024-02-07 23:35:43 INFO - Maximizing browser window
2024-02-07 23:35:44 INFO - Navigate to URL - 'https://testpages.eviltester.com/styled/windows-test.html'
2024-02-07 23:35:45 INFO - Label 'Windows Example Test | Homepage' :: Waiting for element to be displayed
2024-02-07 23:45:41 DEBUG - Get settings from: settings.json
2024-02-07 23:45:41 DEBUG - Got browser profile options from settings file: 
intl.accept_languages: en,
safebrowsing.enabled: true,
profile.default_content_settings.popups: 0,
disable-popup-blocking: true,
download.prompt_for_download: false,
download.default_directory: ..\\Resources
2024-02-07 23:45:41 DEBUG - Got browser capabilities from settings file: 
enableVNC: True,
unhandledPromptBehavior: ignore
2024-02-07 23:45:41 DEBUG - Got excluded browser arguments from settings file: enable-automation
2024-02-07 23:45:41 DEBUG - Got browser logging preferences from settings file: 
Performance: All
2024-02-07 23:45:45 INFO - Browser 'Chrome' ready...
2024-02-07 23:45:45 INFO - Maximizing browser window
2024-02-07 23:45:46 INFO - Navigate to URL - 'https://testpages.eviltester.com/styled/windows-test.html'
2024-02-07 23:45:47 INFO - Label 'Windows Example Test | Homepage' :: Waiting for element to be displayed
2024-02-07 23:46:17 DEBUG - Elements were found by locator 'By.XPath: //*[text()='Windows Example Test']' but not in desired state Displayed
2024-02-07 23:46:17 INFO - Label 'Windows Example Test | Homepage' :: Element has not become displayed after timeout
2024-02-07 23:46:17 INFO - Link 'Alerts In A New Window From JavaScript Link' :: Clicking
2024-02-07 23:46:19 INFO - Switching to new tab
2024-02-07 23:46:19 INFO - Getting tab handles
2024-02-07 23:46:19 INFO - Button 'Prompt Opening Btn' :: Waiting for element to be displayed
2024-02-07 23:46:19 INFO - Button 'Prompt Opening Btn' :: Waiting for element to be clickable
2024-02-07 23:46:19 INFO - Button 'Prompt Opening Btn' :: Clicking
2024-02-07 23:46:19 INFO - Accepting browser alert
2024-02-07 23:46:19 INFO - Setting text - 'somevalue'
2024-02-07 23:46:19 INFO - Closing browser
